0 info it worked if it ends with ok
1 verbose cli [ '/usr/bin/nodejs', '/usr/bin/npm', 'run', 'test:watch' ]
2 info using npm@3.9.5
3 info using node@v4.4.5
4 verbose run-script [ 'pretest:watch', 'test:watch', 'posttest:watch' ]
5 info lifecycle angular2-embedly@0.0.0~pretest:watch: angular2-embedly@0.0.0
6 silly lifecycle angular2-embedly@0.0.0~pretest:watch: no script for pretest:watch, continuing
7 info lifecycle angular2-embedly@0.0.0~test:watch: angular2-embedly@0.0.0
8 verbose lifecycle angular2-embedly@0.0.0~test:watch: unsafe-perm in lifecycle true
9 verbose lifecycle angular2-embedly@0.0.0~test:watch: PATH: /usr/lib/node_modules/npm/bin/node-gyp-bin:/home/fernando/workspace/angular2-embedly/node_modules/.bin:/usr/bin:/usr/lib/node_modules/npm/bin/node-gyp-bin:/home/fernando/workspace/angular2-embedly/node_modules/.bin:/usr/bin:/opt/mongodb-linux-x86_64-2.6.5/bin:/home/fernando/.npm-global/bin:/usr/local/sbin:/usr/local/bin:/usr/sbin:/usr/bin:/sbin:/bin:/usr/games:/usr/local/games:/opt/redis-2.8.19/src:/opt/apache-ant-1.9.4/bin:/opt/VSCode-linux-x64:/home/fernando/Android/Sdk/tools:/home/fernando/Android/Sdk/platform-tools:/opt/apache-maven/bin
10 verbose lifecycle angular2-embedly@0.0.0~test:watch: CWD: /home/fernando/workspace/angular2-embedly
11 silly lifecycle angular2-embedly@0.0.0~test:watch: Args: [ '-c', 'karma start --watch' ]
12 silly lifecycle angular2-embedly@0.0.0~test:watch: Returned: code: 1  signal: null
13 info lifecycle angular2-embedly@0.0.0~test:watch: Failed to exec test:watch script
14 verbose stack Error: angular2-embedly@0.0.0 test:watch: `karma start --watch`
14 verbose stack Exit status 1
14 verbose stack     at EventEmitter.<anonymous> (/usr/lib/node_modules/npm/lib/utils/lifecycle.js:245:16)
14 verbose stack     at emitTwo (events.js:87:13)
14 verbose stack     at EventEmitter.emit (events.js:172:7)
14 verbose stack     at ChildProcess.<anonymous> (/usr/lib/node_modules/npm/lib/utils/spawn.js:24:14)
14 verbose stack     at emitTwo (events.js:87:13)
14 verbose stack     at ChildProcess.emit (events.js:172:7)
14 verbose stack     at maybeClose (internal/child_process.js:827:16)
14 verbose stack     at Process.ChildProcess._handle.onexit (internal/child_process.js:211:5)
15 verbose pkgid angular2-embedly@0.0.0
16 verbose cwd /home/fernando/workspace/angular2-embedly
17 error Linux 3.13.0-37-generic
18 error argv "/usr/bin/nodejs" "/usr/bin/npm" "run" "test:watch"
19 error node v4.4.5
20 error npm  v3.9.5
21 error code ELIFECYCLE
22 error angular2-embedly@0.0.0 test:watch: `karma start --watch`
22 error Exit status 1
23 error Failed at the angular2-embedly@0.0.0 test:watch script 'karma start --watch'.
23 error Make sure you have the latest version of node.js and npm installed.
23 error If you do, this is most likely a problem with the angular2-embedly package,
23 error not with npm itself.
23 error Tell the author that this fails on your system:
23 error     karma start --watch
23 error You can get information on how to open an issue for this project with:
23 error     npm bugs angular2-embedly
23 error Or if that isn't available, you can get their info via:
23 error     npm owner ls angular2-embedly
23 error There is likely additional logging output above.
24 verbose exit [ 1, true ]
